Input Directory: /gpfs/home/wmp21vtu/scratch/atac
Output Directory: /gpfs/home/wmp21vtu/scratch/atac/test_run
Reference: /gpfs/home/wmp21vtu/scratch/reference_genome_hg38_86/Homo_sapiens.GRCh38.dna.primary_assembly.fa
Sample Sheet: /gpfs/home/wmp21vtu/diff_sample_sheet.csv
Sample Filename: SRR19383810
Start time: 
Sun 13 Apr 14:15:19 BST 2025
----------------------------
Running the Preprocessing Pipeline...
Seq Screener...
SuperDeduper...
Adapter Trimmer...
Removing unknown nucleotides (NTrimmer)
Base Quality Trimming...
Short Read Trimming...
Preprocessing Successful
Starting alignment process...
Checking if bwa indexes exist.
Found existing bwa indexes...
Aligning the samples...
indexing the samples for alignment Sieve...
running alignment sieve...
Removing the ENCODE blacklist regions...
Calling Peaks...
creating bigwig files...
Checking the sample sheet...
Peakset File found for SRR19383818
Peakset File found for SRR19383817
Peakset File found for SRR19383819
Peakset File found for SRR19383810
Peakset File not found for SRR19383812
Peakset File not found for SRR19383811
Total files found: 4
Sample Sheet not ready for DiffBind...
DiffBind Pending until all samples are processed
Sample Preprocessing Completed at:
Mon 14 Apr 13:41:59 BST 2025
-------------------------------------
Input Directory: /gpfs/home/wmp21vtu/scratch/atac
Output Directory: /gpfs/home/wmp21vtu/scratch/atac/test_run
Reference: /gpfs/home/wmp21vtu/scratch/reference_genome_hg38_86/Homo_sapiens.GRCh38.dna.primary_assembly.fa
Sample Sheet: /gpfs/home/wmp21vtu/diff_sample_sheet.csv
Sample Filename: SRR19383811
Start time: 
Mon 14 Apr 13:41:59 BST 2025
----------------------------
Running the Preprocessing Pipeline...
Seq Screener...
SuperDeduper...
Adapter Trimmer...
Removing unknown nucleotides (NTrimmer)
Base Quality Trimming...
Short Read Trimming...
Preprocessing Successful
Starting alignment process...
Checking if bwa indexes exist.
Found existing bwa indexes...
Aligning the samples...
indexing the samples for alignment Sieve...
running alignment sieve...
Removing the ENCODE blacklist regions...
Calling Peaks...
creating bigwig files...
Checking the sample sheet...
Peakset File found for SRR19383818
Peakset File found for SRR19383817
Peakset File found for SRR19383819
Peakset File found for SRR19383810
Peakset File not found for SRR19383812
Peakset File found for SRR19383811
Total files found: 5
Sample Sheet not ready for DiffBind...
DiffBind Pending until all samples are processed
Sample Preprocessing Completed at:
Tue 15 Apr 12:20:32 BST 2025
-------------------------------------
Input Directory: /gpfs/home/wmp21vtu/scratch/atac
Output Directory: /gpfs/home/wmp21vtu/scratch/atac/test_run
Reference: /gpfs/home/wmp21vtu/scratch/reference_genome_hg38_86/Homo_sapiens.GRCh38.dna.primary_assembly.fa
Sample Sheet: /gpfs/home/wmp21vtu/diff_sample_sheet.csv
Sample Filename: SRR19383812
Start time: 
Tue 15 Apr 12:20:32 BST 2025
----------------------------
Running the Preprocessing Pipeline...
Seq Screener...
SuperDeduper...
Adapter Trimmer...
Removing unknown nucleotides (NTrimmer)
Base Quality Trimming...
Short Read Trimming...
Preprocessing Successful
Starting alignment process...
Checking if bwa indexes exist.
Found existing bwa indexes...
Aligning the samples...
