Input Directory: /gpfs/home/wmp21vtu/scratch/atac
Output Directory: /gpfs/home/wmp21vtu/scratch/atac/test_run
Reference: /gpfs/home/wmp21vtu/scratch/reference_genome_hg38_86/Homo_sapiens.GRCh38.dna.primary_assembly.fa
Sample Sheet: /gpfs/home/wmp21vtu/diff_sample_sheet.csv
Sample Filename: SRR19383817
Start time: 
----------------------------
Running the Preprocessing Pipeline...
Seq Screener...
SuperDeduper...
Adapter Trimmer...
Removing unknown nucleotides (NTrimmer)
Base Quality Trimming...
Short Read Trimming...
Preprocessing Successful
Starting alignment process...
Checking if bwa indexes exist.
No bwa indexes found. Building bwa indexes
Aligning the samples...
indexing the samples for alignment Sieve...
running alignment sieve...
Removing the ENCODE blacklist regions...
Calling Peaks...
creating bigwig files...
Checking the sample sheet...
Peakset File not found for SRR19383818
Peakset File found for SRR19383817
Peakset File not found for SRR19383819
Peakset File not found for SRR19383810
Peakset File not found for SRR19383812
Peakset File not found for SRR19383811
Total files found: 1
Sample Sheet not ready for DiffBind...
Sample Preprocessing Completed at date
DiffBind Pending until all samples are processed
-------------------------------------
Input Directory: /gpfs/home/wmp21vtu/scratch/atac
Output Directory: /gpfs/home/wmp21vtu/scratch/atac/test_run
Reference: /gpfs/home/wmp21vtu/scratch/reference_genome_hg38_86/Homo_sapiens.GRCh38.dna.primary_assembly.fa
Sample Sheet: /gpfs/home/wmp21vtu/diff_sample_sheet.csv
Sample Filename: SRR19383818
Start time: 
----------------------------
Running the Preprocessing Pipeline...
Seq Screener...
SuperDeduper...
Adapter Trimmer...
Removing unknown nucleotides (NTrimmer)
Base Quality Trimming...
Short Read Trimming...
Preprocessing Successful
Starting alignment process...
Checking if bwa indexes exist.
Found existing bwa indexes...
Aligning the samples...
indexing the samples for alignment Sieve...
running alignment sieve...
Removing the ENCODE blacklist regions...
Calling Peaks...
creating bigwig files...
Checking the sample sheet...
Peakset File found for SRR19383818
Peakset File found for SRR19383817
Peakset File not found for SRR19383819
Peakset File found for SRR19383810
Peakset File not found for SRR19383812
Peakset File not found for SRR19383811
Total files found: 3
Sample Sheet not ready for DiffBind...
Sample Preprocessing Completed at date
DiffBind Pending until all samples are processed
-------------------------------------
Input Directory: /gpfs/home/wmp21vtu/scratch/atac
Output Directory: /gpfs/home/wmp21vtu/scratch/atac/test_run
Reference: /gpfs/home/wmp21vtu/scratch/reference_genome_hg38_86/Homo_sapiens.GRCh38.dna.primary_assembly.fa
Sample Sheet: /gpfs/home/wmp21vtu/diff_sample_sheet.csv
Sample Filename: SRR19383819
Start time: 
----------------------------
Running the Preprocessing Pipeline...
Seq Screener...
SuperDeduper...
Adapter Trimmer...
Removing unknown nucleotides (NTrimmer)
Base Quality Trimming...
Short Read Trimming...
Preprocessing Successful
Starting alignment process...
Checking if bwa indexes exist.
Found existing bwa indexes...
Aligning the samples...
indexing the samples for alignment Sieve...
running alignment sieve...
Removing the ENCODE blacklist regions...
Calling Peaks...
creating bigwig files...
Checking the sample sheet...
Peakset File found for SRR19383818
Peakset File found for SRR19383817
Peakset File found for SRR19383819
Peakset File found for SRR19383810
Peakset File not found for SRR19383812
Peakset File not found for SRR19383811
Total files found: 4
Sample Sheet not ready for DiffBind...
Sample Preprocessing Completed at date
DiffBind Pending until all samples are processed
-------------------------------------
